INFO:     Will watch for changes in these directories: ['/Users/lap16792/Personal/omv-jdownloader-dashboard/backend']
INFO:     Uvicorn running on http://0.0.0.0:8086 (Press CTRL+C to quit)
INFO:     Started reloader process [44199] using StatReload
/Users/lap16792/Personal/omv-jdownloader-dashboard/backend/app/api/endpoints/media.py:117: FastAPIDeprecationWarning: `regex` has been deprecated, please use `pattern` instead
  media_type: str = Query(..., regex="^(movie|tv)$"),
INFO:     Started server process [44203]
INFO:     Waiting for application startup.
INFO:     Application startup complete.
INFO:     127.0.0.1:57254 - "GET /api/lookup/sources?media_type=tv&title=one%20piece&season=1&episode=1&provider=kkphim HTTP/1.1" 200 OK
WARNING:  StatReload detected changes in 'app/services/scrapers/kkphim_lookup.py'. Reloading...
INFO:     Shutting down
INFO:     Waiting for application shutdown.
INFO:     Application shutdown complete.
INFO:     Finished server process [44203]
/Users/lap16792/Personal/omv-jdownloader-dashboard/backend/app/api/endpoints/media.py:117: FastAPIDeprecationWarning: `regex` has been deprecated, please use `pattern` instead
  media_type: str = Query(..., regex="^(movie|tv)$"),
INFO:     Started server process [44282]
INFO:     Waiting for application startup.
INFO:     Application startup complete.
INFO:     127.0.0.1:57455 - "GET /api/lookup/sources?media_type=tv&title=one%20piece&season=1&episode=1&provider=kkphim HTTP/1.1" 200 OK
INFO:     127.0.0.1:57469 - "GET /docs HTTP/1.1" 200 OK
INFO:     127.0.0.1:57469 - "GET /openapi.json HTTP/1.1" 200 OK
/Users/lap16792/Personal/omv-jdownloader-dashboard/backend/app/services/scrapers/gdrive_lookup.py:15: RuntimeWarning: This package (`duckduckgo_search`) has been renamed to `ddgs`! Use `pip install ddgs` instead.
  search_results = await asyncio.to_thread(DDGS().text, query, max_results=5)
/Users/lap16792/Personal/omv-jdownloader-dashboard/backend/app/services/scrapers/torrent_lookup.py:23: RuntimeWarning: This package (`duckduckgo_search`) has been renamed to `ddgs`! Use `pip install ddgs` instead.
  search_results = await asyncio.to_thread(DDGS().text, query, max_results=10)
/Users/lap16792/Personal/omv-jdownloader-dashboard/backend/app/services/scrapers/google_search_lookup.py:17: RuntimeWarning: This package (`duckduckgo_search`) has been renamed to `ddgs`! Use `pip install ddgs` instead.
  search_results = await asyncio.to_thread(DDGS().text, query, max_results=5)
INFO:     127.0.0.1:57470 - "GET /api/lookup/sources?media_type=movie&title=one%20piece%20film%20red&provider=all HTTP/1.1" 200 OK
/Users/lap16792/Personal/omv-jdownloader-dashboard/backend/app/services/scrapers/gdrive_lookup.py:15: RuntimeWarning: This package (`duckduckgo_search`) has been renamed to `ddgs`! Use `pip install ddgs` instead.
  search_results = await asyncio.to_thread(DDGS().text, query, max_results=5)
/Users/lap16792/Personal/omv-jdownloader-dashboard/backend/app/services/scrapers/torrent_lookup.py:23: RuntimeWarning: This package (`duckduckgo_search`) has been renamed to `ddgs`! Use `pip install ddgs` instead.
  search_results = await asyncio.to_thread(DDGS().text, query, max_results=10)
/Users/lap16792/Personal/omv-jdownloader-dashboard/backend/app/services/scrapers/google_search_lookup.py:17: RuntimeWarning: This package (`duckduckgo_search`) has been renamed to `ddgs`! Use `pip install ddgs` instead.
  search_results = await asyncio.to_thread(DDGS().text, query, max_results=5)
INFO:     127.0.0.1:57498 - "GET /api/lookup/sources?media_type=tv&title=one%20piece%20live%20action&provider=all HTTP/1.1" 200 OK
/Users/lap16792/Personal/omv-jdownloader-dashboard/backend/app/services/scrapers/gdrive_lookup.py:15: RuntimeWarning: This package (`duckduckgo_search`) has been renamed to `ddgs`! Use `pip install ddgs` instead.
  search_results = await asyncio.to_thread(DDGS().text, query, max_results=5)
/Users/lap16792/Personal/omv-jdownloader-dashboard/backend/app/services/scrapers/torrent_lookup.py:23: RuntimeWarning: This package (`duckduckgo_search`) has been renamed to `ddgs`! Use `pip install ddgs` instead.
  search_results = await asyncio.to_thread(DDGS().text, query, max_results=10)
/Users/lap16792/Personal/omv-jdownloader-dashboard/backend/app/services/scrapers/google_search_lookup.py:17: RuntimeWarning: This package (`duckduckgo_search`) has been renamed to `ddgs`! Use `pip install ddgs` instead.
  search_results = await asyncio.to_thread(DDGS().text, query, max_results=5)
INFO:     127.0.0.1:57515 - "GET /api/lookup/sources?media_type=tv&title=one%20piece%20live%20action&provider=all HTTP/1.1" 200 OK
WARNING:  StatReload detected changes in 'app/services/scrapers/kkphim_lookup.py'. Reloading...
INFO:     Shutting down
INFO:     Waiting for application shutdown.
INFO:     Application shutdown complete.
INFO:     Finished server process [44282]
/Users/lap16792/Personal/omv-jdownloader-dashboard/backend/app/api/endpoints/media.py:117: FastAPIDeprecationWarning: `regex` has been deprecated, please use `pattern` instead
  media_type: str = Query(..., regex="^(movie|tv)$"),
INFO:     Started server process [44810]
INFO:     Waiting for application startup.
INFO:     Application startup complete.
WARNING:  StatReload detected changes in 'app/services/scrapers/ophim_lookup.py'. Reloading...
INFO:     Shutting down
INFO:     Waiting for application shutdown.
INFO:     Application shutdown complete.
INFO:     Finished server process [44810]
/Users/lap16792/Personal/omv-jdownloader-dashboard/backend/app/api/endpoints/media.py:117: FastAPIDeprecationWarning: `regex` has been deprecated, please use `pattern` instead
  media_type: str = Query(..., regex="^(movie|tv)$"),
INFO:     Started server process [44873]
INFO:     Waiting for application startup.
INFO:     Application startup complete.
/Users/lap16792/Personal/omv-jdownloader-dashboard/backend/app/services/scrapers/gdrive_lookup.py:15: RuntimeWarning: This package (`duckduckgo_search`) has been renamed to `ddgs`! Use `pip install ddgs` instead.
  search_results = await asyncio.to_thread(DDGS().text, query, max_results=5)
/Users/lap16792/Personal/omv-jdownloader-dashboard/backend/app/services/scrapers/torrent_lookup.py:23: RuntimeWarning: This package (`duckduckgo_search`) has been renamed to `ddgs`! Use `pip install ddgs` instead.
  search_results = await asyncio.to_thread(DDGS().text, query, max_results=10)
/Users/lap16792/Personal/omv-jdownloader-dashboard/backend/app/services/scrapers/google_search_lookup.py:17: RuntimeWarning: This package (`duckduckgo_search`) has been renamed to `ddgs`! Use `pip install ddgs` instead.
  search_results = await asyncio.to_thread(DDGS().text, query, max_results=5)
INFO:     127.0.0.1:57547 - "GET /api/lookup/sources?media_type=tv&title=one%20piece%20live%20action&provider=all HTTP/1.1" 200 OK
/Users/lap16792/Personal/omv-jdownloader-dashboard/backend/app/services/scrapers/torrent_lookup.py:23: RuntimeWarning: This package (`duckduckgo_search`) has been renamed to `ddgs`! Use `pip install ddgs` instead.
  search_results = await asyncio.to_thread(DDGS().text, query, max_results=10)
INFO:     127.0.0.1:57579 - "GET /api/lookup/sources?media_type=tv&title=one%20piece%20live%20action&provider=torrent HTTP/1.1" 200 OK
/Users/lap16792/Personal/omv-jdownloader-dashboard/backend/app/services/scrapers/gdrive_lookup.py:15: RuntimeWarning: This package (`duckduckgo_search`) has been renamed to `ddgs`! Use `pip install ddgs` instead.
  search_results = await asyncio.to_thread(DDGS().text, query, max_results=5)
INFO:     127.0.0.1:57582 - "GET /api/lookup/sources?media_type=tv&title=one%20piece%20live%20action&provider=gdrive HTTP/1.1" 200 OK
INFO:     127.0.0.1:57585 - "GET /api/lookup/sources?media_type=tv&title=one%20piece%20live%20action&provider=ophim HTTP/1.1" 200 OK
WARNING:  StatReload detected changes in 'app/services/scrapers/ophim_lookup.py'. Reloading...
INFO:     Shutting down
INFO:     Waiting for application shutdown.
INFO:     Application shutdown complete.
INFO:     Finished server process [44873]
/Users/lap16792/Personal/omv-jdownloader-dashboard/backend/app/api/endpoints/media.py:117: FastAPIDeprecationWarning: `regex` has been deprecated, please use `pattern` instead
  media_type: str = Query(..., regex="^(movie|tv)$"),
INFO:     Started server process [45121]
INFO:     Waiting for application startup.
INFO:     Application startup complete.
WARNING:  StatReload detected changes in 'app/services/scrapers/kkphim_lookup.py'. Reloading...
INFO:     Shutting down
INFO:     Waiting for application shutdown.
INFO:     Application shutdown complete.
INFO:     Finished server process [45121]
/Users/lap16792/Personal/omv-jdownloader-dashboard/backend/app/api/endpoints/media.py:117: FastAPIDeprecationWarning: `regex` has been deprecated, please use `pattern` instead
  media_type: str = Query(..., regex="^(movie|tv)$"),
INFO:     Started server process [45123]
INFO:     Waiting for application startup.
INFO:     Application startup complete.
/Users/lap16792/Personal/omv-jdownloader-dashboard/backend/app/services/scrapers/gdrive_lookup.py:15: RuntimeWarning: This package (`duckduckgo_search`) has been renamed to `ddgs`! Use `pip install ddgs` instead.
  search_results = await asyncio.to_thread(DDGS().text, query, max_results=5)
/Users/lap16792/Personal/omv-jdownloader-dashboard/backend/app/services/scrapers/torrent_lookup.py:23: RuntimeWarning: This package (`duckduckgo_search`) has been renamed to `ddgs`! Use `pip install ddgs` instead.
  search_results = await asyncio.to_thread(DDGS().text, query, max_results=10)
/Users/lap16792/Personal/omv-jdownloader-dashboard/backend/app/services/scrapers/google_search_lookup.py:17: RuntimeWarning: This package (`duckduckgo_search`) has been renamed to `ddgs`! Use `pip install ddgs` instead.
  search_results = await asyncio.to_thread(DDGS().text, query, max_results=5)
INFO:     127.0.0.1:57605 - "GET /api/lookup/sources?media_type=tv&title=one%20piece%20live%20action&provider=all HTTP/1.1" 200 OK
/Users/lap16792/Personal/omv-jdownloader-dashboard/backend/app/services/scrapers/torrent_lookup.py:23: RuntimeWarning: This package (`duckduckgo_search`) has been renamed to `ddgs`! Use `pip install ddgs` instead.
  search_results = await asyncio.to_thread(DDGS().text, query, max_results=10)
INFO:     127.0.0.1:57619 - "GET /api/lookup/sources?media_type=tv&title=one%20piece%20live%20action&provider=torrent HTTP/1.1" 200 OK
/Users/lap16792/Personal/omv-jdownloader-dashboard/backend/app/services/scrapers/gdrive_lookup.py:15: RuntimeWarning: This package (`duckduckgo_search`) has been renamed to `ddgs`! Use `pip install ddgs` instead.
  search_results = await asyncio.to_thread(DDGS().text, query, max_results=5)
INFO:     127.0.0.1:57623 - "GET /api/lookup/sources?media_type=tv&title=one%20piece%20live%20action&provider=gdrive HTTP/1.1" 200 OK
/Users/lap16792/Personal/omv-jdownloader-dashboard/backend/app/services/scrapers/google_search_lookup.py:17: RuntimeWarning: This package (`duckduckgo_search`) has been renamed to `ddgs`! Use `pip install ddgs` instead.
  search_results = await asyncio.to_thread(DDGS().text, query, max_results=5)
INFO:     127.0.0.1:57635 - "GET /api/lookup/sources?media_type=tv&title=one%20piece%20live%20action&provider=fshare HTTP/1.1" 200 OK
WARNING:  StatReload detected changes in 'app/api/endpoints/media.py'. Reloading...
INFO:     Shutting down
INFO:     Waiting for application shutdown.
INFO:     Application shutdown complete.
INFO:     Finished server process [45123]
/Users/lap16792/Personal/omv-jdownloader-dashboard/backend/app/api/endpoints/media.py:117: FastAPIDeprecationWarning: `regex` has been deprecated, please use `pattern` instead
  media_type: str = Query(..., regex="^(movie|tv)$"),
INFO:     Started server process [45165]
INFO:     Waiting for application startup.
INFO:     Application startup complete.
WARNING:  StatReload detected changes in 'app/services/scrapers/torrent_lookup.py'. Reloading...
INFO:     Shutting down
INFO:     Waiting for application shutdown.
INFO:     Application shutdown complete.
INFO:     Finished server process [45165]
/Users/lap16792/Personal/omv-jdownloader-dashboard/backend/app/api/endpoints/media.py:117: FastAPIDeprecationWarning: `regex` has been deprecated, please use `pattern` instead
  media_type: str = Query(..., regex="^(movie|tv)$"),
INFO:     Started server process [45167]
INFO:     Waiting for application startup.
INFO:     Application startup complete.
WARNING:  StatReload detected changes in 'app/services/scrapers/gdrive_lookup.py'. Reloading...
INFO:     Shutting down
INFO:     Waiting for application shutdown.
INFO:     Application shutdown complete.
INFO:     Finished server process [45167]
/Users/lap16792/Personal/omv-jdownloader-dashboard/backend/app/api/endpoints/media.py:117: FastAPIDeprecationWarning: `regex` has been deprecated, please use `pattern` instead
  media_type: str = Query(..., regex="^(movie|tv)$"),
INFO:     Started server process [45169]
INFO:     Waiting for application startup.
INFO:     Application startup complete.
/Users/lap16792/Personal/omv-jdownloader-dashboard/backend/app/services/scrapers/gdrive_lookup.py:16: RuntimeWarning: This package (`duckduckgo_search`) has been renamed to `ddgs`! Use `pip install ddgs` instead.
  with DDGS() as ddgs:
/Users/lap16792/Personal/omv-jdownloader-dashboard/backend/app/services/scrapers/torrent_lookup.py:24: RuntimeWarning: This package (`duckduckgo_search`) has been renamed to `ddgs`! Use `pip install ddgs` instead.
  with DDGS() as ddgs:
/Users/lap16792/Personal/omv-jdownloader-dashboard/backend/app/services/scrapers/google_search_lookup.py:17: RuntimeWarning: This package (`duckduckgo_search`) has been renamed to `ddgs`! Use `pip install ddgs` instead.
  search_results = await asyncio.to_thread(DDGS().text, query, max_results=5)
/Users/lap16792/Personal/omv-jdownloader-dashboard/backend/app/services/scrapers/torrent_lookup.py:24: RuntimeWarning: This package (`duckduckgo_search`) has been renamed to `ddgs`! Use `pip install ddgs` instead.
  with DDGS() as ddgs:
INFO:     127.0.0.1:57663 - "GET /api/lookup/sources?media_type=tv&title=one%20piece%20live%20action&provider=all HTTP/1.1" 200 OK
/Users/lap16792/Personal/omv-jdownloader-dashboard/backend/app/services/scrapers/torrent_lookup.py:24: RuntimeWarning: This package (`duckduckgo_search`) has been renamed to `ddgs`! Use `pip install ddgs` instead.
  with DDGS() as ddgs:
/Users/lap16792/Personal/omv-jdownloader-dashboard/backend/app/services/scrapers/torrent_lookup.py:24: RuntimeWarning: This package (`duckduckgo_search`) has been renamed to `ddgs`! Use `pip install ddgs` instead.
  with DDGS() as ddgs:
INFO:     127.0.0.1:57682 - "GET /api/lookup/sources?media_type=movie&title=Deadpool&provider=torrent HTTP/1.1" 200 OK
WARNING:  StatReload detected changes in 'app/services/scrapers/google_search_lookup.py'. Reloading...
INFO:     Shutting down
INFO:     Waiting for application shutdown.
INFO:     Application shutdown complete.
INFO:     Finished server process [45169]
/Users/lap16792/Personal/omv-jdownloader-dashboard/backend/app/api/endpoints/media.py:117: FastAPIDeprecationWarning: `regex` has been deprecated, please use `pattern` instead
  media_type: str = Query(..., regex="^(movie|tv)$"),
INFO:     Started server process [45380]
INFO:     Waiting for application startup.
INFO:     Application startup complete.
WARNING:  StatReload detected changes in 'app/services/scrapers/ophim_lookup.py'. Reloading...
INFO:     Shutting down
INFO:     Waiting for application shutdown.
INFO:     Application shutdown complete.
INFO:     Finished server process [45380]
/Users/lap16792/Personal/omv-jdownloader-dashboard/backend/app/api/endpoints/media.py:117: FastAPIDeprecationWarning: `regex` has been deprecated, please use `pattern` instead
  media_type: str = Query(..., regex="^(movie|tv)$"),
INFO:     Started server process [45382]
INFO:     Waiting for application startup.
INFO:     Application startup complete.
WARNING:  StatReload detected changes in 'app/services/scrapers/kkphim_lookup.py'. Reloading...
INFO:     Shutting down
INFO:     Waiting for application shutdown.
INFO:     Application shutdown complete.
INFO:     Finished server process [45382]
/Users/lap16792/Personal/omv-jdownloader-dashboard/backend/app/api/endpoints/media.py:117: FastAPIDeprecationWarning: `regex` has been deprecated, please use `pattern` instead
  media_type: str = Query(..., regex="^(movie|tv)$"),
INFO:     Started server process [45387]
INFO:     Waiting for application startup.
INFO:     Application startup complete.
WARNING:  StatReload detected changes in 'app/services/scrapers/kkphim_lookup.py'. Reloading...
INFO:     Shutting down
INFO:     Waiting for application shutdown.
INFO:     Application shutdown complete.
INFO:     Finished server process [45387]
/Users/lap16792/Personal/omv-jdownloader-dashboard/backend/app/api/endpoints/media.py:117: FastAPIDeprecationWarning: `regex` has been deprecated, please use `pattern` instead
  media_type: str = Query(..., regex="^(movie|tv)$"),
INFO:     Started server process [45574]
INFO:     Waiting for application startup.
INFO:     Application startup complete.
WARNING:  StatReload detected changes in 'app/services/scrapers/ophim_lookup.py'. Reloading...
INFO:     Shutting down
INFO:     Waiting for application shutdown.
INFO:     Application shutdown complete.
INFO:     Finished server process [45574]
/Users/lap16792/Personal/omv-jdownloader-dashboard/backend/app/api/endpoints/media.py:117: FastAPIDeprecationWarning: `regex` has been deprecated, please use `pattern` instead
  media_type: str = Query(..., regex="^(movie|tv)$"),
INFO:     Started server process [45589]
INFO:     Waiting for application startup.
INFO:     Application startup complete.
WARNING:  StatReload detected changes in 'app/services/scrapers/google_search_lookup.py'. Reloading...
INFO:     Shutting down
INFO:     Waiting for application shutdown.
INFO:     Application shutdown complete.
INFO:     Finished server process [45589]
/Users/lap16792/Personal/omv-jdownloader-dashboard/backend/app/api/endpoints/media.py:117: FastAPIDeprecationWarning: `regex` has been deprecated, please use `pattern` instead
  media_type: str = Query(..., regex="^(movie|tv)$"),
INFO:     Started server process [45590]
INFO:     Waiting for application startup.
INFO:     Application startup complete.
WARNING:  StatReload detected changes in 'app/services/scrapers/torrent_lookup.py'. Reloading...
INFO:     Shutting down
INFO:     Waiting for application shutdown.
INFO:     Application shutdown complete.
INFO:     Finished server process [45590]
/Users/lap16792/Personal/omv-jdownloader-dashboard/backend/app/api/endpoints/media.py:117: FastAPIDeprecationWarning: `regex` has been deprecated, please use `pattern` instead
  media_type: str = Query(..., regex="^(movie|tv)$"),
INFO:     Started server process [45594]
INFO:     Waiting for application startup.
INFO:     Application startup complete.
WARNING:  StatReload detected changes in 'app/services/scrapers/gdrive_lookup.py'. Reloading...
INFO:     Shutting down
INFO:     Waiting for application shutdown.
INFO:     Application shutdown complete.
INFO:     Finished server process [45594]
/Users/lap16792/Personal/omv-jdownloader-dashboard/backend/app/api/endpoints/media.py:117: FastAPIDeprecationWarning: `regex` has been deprecated, please use `pattern` instead
  media_type: str = Query(..., regex="^(movie|tv)$"),
INFO:     Started server process [45595]
INFO:     Waiting for application startup.
INFO:     Application startup complete.
WARNING:  StatReload detected changes in 'app/api/endpoints/media.py'. Reloading...
INFO:     Shutting down
INFO:     Waiting for application shutdown.
INFO:     Application shutdown complete.
INFO:     Finished server process [45595]
/Users/lap16792/Personal/omv-jdownloader-dashboard/backend/app/api/endpoints/media.py:117: FastAPIDeprecationWarning: `regex` has been deprecated, please use `pattern` instead
  media_type: str = Query(..., regex="^(movie|tv)$"),
INFO:     Started server process [46711]
INFO:     Waiting for application startup.
INFO:     Application startup complete.
WARNING:  StatReload detected changes in 'app/api/endpoints/media.py'. Reloading...
INFO:     Shutting down
INFO:     Waiting for application shutdown.
INFO:     Application shutdown complete.
INFO:     Finished server process [46711]
/Users/lap16792/Personal/omv-jdownloader-dashboard/backend/app/api/endpoints/media.py:117: FastAPIDeprecationWarning: `regex` has been deprecated, please use `pattern` instead
  media_type: str = Query(..., regex="^(movie|tv)$"),
INFO:     Started server process [48317]
INFO:     Waiting for application startup.
INFO:     Application startup complete.
WARNING:  StatReload detected changes in 'app/api/endpoints/media.py'. Reloading...
INFO:     Shutting down
INFO:     Waiting for application shutdown.
INFO:     Application shutdown complete.
INFO:     Finished server process [48317]
INFO:     Started server process [49766]
INFO:     Waiting for application startup.
INFO:     Application startup complete.
INFO:     127.0.0.1:59411 - "GET /docs HTTP/1.1" 200 OK
INFO:     127.0.0.1:59411 - "GET /openapi.json HTTP/1.1" 200 OK
INFO:     127.0.0.1:59412 - "GET /api/tmdb/recommend/movie/13243245?page=1&language=vi-VN HTTP/1.1" 200 OK
INFO:     127.0.0.1:59432 - "GET /api/tmdb/tvs?category=popular&page=1&language=vi-VN HTTP/1.1" 200 OK
WARNING:  StatReload detected changes in 'app/services/scrapers/kkphim_lookup.py'. Reloading...
INFO:     Shutting down
INFO:     Waiting for application shutdown.
INFO:     Application shutdown complete.
INFO:     Finished server process [49766]
WARNING:  StatReload detected changes in 'app/services/scrapers/ophim_lookup.py'. Reloading...
INFO:     Started server process [50783]
INFO:     Waiting for application startup.
INFO:     Application startup complete.
INFO:     Shutting down
INFO:     Waiting for application shutdown.
INFO:     Application shutdown complete.
INFO:     Finished server process [50783]
INFO:     Started server process [50784]
INFO:     Waiting for application startup.
INFO:     Application startup complete.
WARNING:  StatReload detected changes in 'app/services/scrapers/google_search_lookup.py'. Reloading...
INFO:     Shutting down
INFO:     Waiting for application shutdown.
INFO:     Application shutdown complete.
INFO:     Finished server process [50784]
INFO:     Started server process [50802]
INFO:     Waiting for application startup.
INFO:     Application startup complete.
WARNING:  StatReload detected changes in 'app/services/scrapers/torrent_lookup.py'. Reloading...
INFO:     Shutting down
INFO:     Waiting for application shutdown.
INFO:     Application shutdown complete.
INFO:     Finished server process [50802]
INFO:     Started server process [50804]
INFO:     Waiting for application startup.
INFO:     Application startup complete.
WARNING:  StatReload detected changes in 'test_providers.py'. Reloading...
INFO:     Shutting down
INFO:     Waiting for application shutdown.
INFO:     Application shutdown complete.
INFO:     Finished server process [50804]
INFO:     Started server process [50811]
INFO:     Waiting for application startup.
INFO:     Application startup complete.
WARNING:  StatReload detected changes in 'app/api/endpoints/media.py'. Reloading...
INFO:     Shutting down
INFO:     Waiting for application shutdown.
INFO:     Application shutdown complete.
INFO:     Finished server process [50811]
INFO:     Started server process [50828]
INFO:     Waiting for application startup.
INFO:     Application startup complete.
WARNING:  StatReload detected changes in 'test_providers.py'. Reloading...
INFO:     Shutting down
INFO:     Waiting for application shutdown.
INFO:     Application shutdown complete.
INFO:     Finished server process [50828]
INFO:     Started server process [50833]
INFO:     Waiting for application startup.
INFO:     Application startup complete.
WARNING:  StatReload detected changes in 'test_providers.py'. Reloading...
INFO:     Shutting down
INFO:     Waiting for application shutdown.
INFO:     Application shutdown complete.
INFO:     Finished server process [50833]
INFO:     Started server process [50838]
INFO:     Waiting for application startup.
INFO:     Application startup complete.
WARNING:  StatReload detected changes in 'app/services/scrapers/google_search_lookup.py'. Reloading...
INFO:     Shutting down
INFO:     Waiting for application shutdown.
INFO:     Application shutdown complete.
INFO:     Finished server process [50838]
INFO:     Started server process [50950]
INFO:     Waiting for application startup.
INFO:     Application startup complete.
WARNING:  StatReload detected changes in 'app/api/endpoints/media.py'. Reloading...
INFO:     Shutting down
INFO:     Waiting for application shutdown.
INFO:     Application shutdown complete.
INFO:     Finished server process [50950]
INFO:     Started server process [50965]
INFO:     Waiting for application startup.
INFO:     Application startup complete.
WARNING:  StatReload detected changes in 'app/api/endpoints/media.py'. Reloading...
INFO:     Shutting down
INFO:     Waiting for application shutdown.
INFO:     Application shutdown complete.
INFO:     Finished server process [50965]
INFO:     Started server process [50969]
INFO:     Waiting for application startup.
INFO:     Application startup complete.
WARNING:  StatReload detected changes in 'app/services/scrapers/thuviencine_lookup.py'. Reloading...
INFO:     Shutting down
INFO:     Waiting for application shutdown.
INFO:     Application shutdown complete.
INFO:     Finished server process [50969]
INFO:     Started server process [51005]
INFO:     Waiting for application startup.
INFO:     Application startup complete.
WARNING:  StatReload detected changes in 'app/services/scrapers/torrent_lookup.py'. Reloading...
INFO:     Shutting down
INFO:     Waiting for application shutdown.
INFO:     Application shutdown complete.
INFO:     Finished server process [51005]
INFO:     Started server process [51010]
INFO:     Waiting for application startup.
INFO:     Application startup complete.
WARNING:  StatReload detected changes in 'app/services/scrapers/gdrive_lookup.py'. Reloading...
INFO:     Shutting down
INFO:     Waiting for application shutdown.
INFO:     Application shutdown complete.
INFO:     Finished server process [51010]
INFO:     Started server process [51153]
INFO:     Waiting for application startup.
INFO:     Application startup complete.
WARNING:  StatReload detected changes in 'app/services/scrapers/google_search_lookup.py'. Reloading...
INFO:     Shutting down
INFO:     Waiting for application shutdown.
INFO:     Application shutdown complete.
INFO:     Finished server process [51153]
INFO:     Started server process [51225]
INFO:     Waiting for application startup.
INFO:     Application startup complete.
WARNING:  StatReload detected changes in 'test_providers.py'. Reloading...
INFO:     Shutting down
INFO:     Waiting for application shutdown.
INFO:     Application shutdown complete.
INFO:     Finished server process [51225]
INFO:     Started server process [51284]
INFO:     Waiting for application startup.
INFO:     Application startup complete.
WARNING:  StatReload detected changes in 'app/services/scrapers/thuviencine_lookup.py'. Reloading...
INFO:     Shutting down
INFO:     Waiting for application shutdown.
INFO:     Application shutdown complete.
INFO:     Finished server process [51284]
INFO:     Started server process [51338]
INFO:     Waiting for application startup.
INFO:     Application startup complete.
WARNING:  StatReload detected changes in 'app/services/scrapers/google_search_lookup.py'. Reloading...
INFO:     Shutting down
INFO:     Waiting for application shutdown.
INFO:     Application shutdown complete.
INFO:     Finished server process [51338]
INFO:     Started server process [53037]
INFO:     Waiting for application startup.
INFO:     Application startup complete.
WARNING:  StatReload detected changes in 'test_providers.py'. Reloading...
INFO:     Shutting down
INFO:     Waiting for application shutdown.
INFO:     Application shutdown complete.
INFO:     Finished server process [53037]
INFO:     Started server process [53079]
INFO:     Waiting for application startup.
INFO:     Application startup complete.
WARNING:  StatReload detected changes in 'app/services/scrapers/torrent_lookup.py'. Reloading...
INFO:     Shutting down
INFO:     Waiting for application shutdown.
INFO:     Application shutdown complete.
INFO:     Finished server process [53079]
INFO:     Started server process [53385]
INFO:     Waiting for application startup.
INFO:     Application startup complete.
WARNING:  StatReload detected changes in 'app/services/scrapers/google_search_lookup.py'. Reloading...
INFO:     Shutting down
INFO:     Waiting for application shutdown.
INFO:     Application shutdown complete.
INFO:     Finished server process [53385]
INFO:     Started server process [53393]
INFO:     Waiting for application startup.
INFO:     Application startup complete.
WARNING:  StatReload detected changes in 'app/services/scrapers/torrent_lookup.py'. Reloading...
INFO:     Shutting down
INFO:     Waiting for application shutdown.
INFO:     Application shutdown complete.
INFO:     Finished server process [53393]
INFO:     Started server process [53413]
INFO:     Waiting for application startup.
INFO:     Application startup complete.
INFO:     127.0.0.1:61191 - "GET /docs HTTP/1.1" 200 OK
INFO:     127.0.0.1:61191 - "GET /openapi.json HTTP/1.1" 200 OK
INFO:     127.0.0.1:61193 - "GET /api/lookup/sources?media_type=movie&title=one%20piece&provider=all HTTP/1.1" 500 Internal Server Error
ERROR:    Exception in ASGI application
Traceback (most recent call last):
  File "/Library/Frameworks/Python.framework/Versions/3.14/lib/python3.14/site-packages/uvicorn/protocols/http/h11_impl.py", line 415, in run_asgi
    result = await app(  # type: ignore[func-returns-value]
             ^^^^^^^^^^^^^^^^^^^^^^^^^^^^^^^^^^^^^^^^^^^^^^
        self.scope, self.receive, self.send
        ^^^^^^^^^^^^^^^^^^^^^^^^^^^^^^^^^^^
    )
    ^
  File "/Library/Frameworks/Python.framework/Versions/3.14/lib/python3.14/site-packages/uvicorn/middleware/proxy_headers.py", line 60, in __call__
    return await self.app(scope, receive, send)
           ^^^^^^^^^^^^^^^^^^^^^^^^^^^^^^^^^^^^
  File "/Library/Frameworks/Python.framework/Versions/3.14/lib/python3.14/site-packages/fastapi/applications.py", line 1163, in __call__
    await super().__call__(scope, receive, send)
  File "/Library/Frameworks/Python.framework/Versions/3.14/lib/python3.14/site-packages/starlette/applications.py", line 90, in __call__
    await self.middleware_stack(scope, receive, send)
  File "/Library/Frameworks/Python.framework/Versions/3.14/lib/python3.14/site-packages/starlette/middleware/errors.py", line 186, in __call__
    raise exc
  File "/Library/Frameworks/Python.framework/Versions/3.14/lib/python3.14/site-packages/starlette/middleware/errors.py", line 164, in __call__
    await self.app(scope, receive, _send)
  File "/Library/Frameworks/Python.framework/Versions/3.14/lib/python3.14/site-packages/starlette/middleware/cors.py", line 88, in __call__
    await self.app(scope, receive, send)
  File "/Library/Frameworks/Python.framework/Versions/3.14/lib/python3.14/site-packages/starlette/middleware/exceptions.py", line 63, in __call__
    await wrap_app_handling_exceptions(self.app, conn)(scope, receive, send)
  File "/Library/Frameworks/Python.framework/Versions/3.14/lib/python3.14/site-packages/starlette/_exception_handler.py", line 53, in wrapped_app
    raise exc
  File "/Library/Frameworks/Python.framework/Versions/3.14/lib/python3.14/site-packages/starlette/_exception_handler.py", line 42, in wrapped_app
    await app(scope, receive, sender)
  File "/Library/Frameworks/Python.framework/Versions/3.14/lib/python3.14/site-packages/fastapi/middleware/asyncexitstack.py", line 18, in __call__
    await self.app(scope, receive, send)
  File "/Library/Frameworks/Python.framework/Versions/3.14/lib/python3.14/site-packages/starlette/routing.py", line 660, in __call__
    await self.middleware_stack(scope, receive, send)
  File "/Library/Frameworks/Python.framework/Versions/3.14/lib/python3.14/site-packages/starlette/routing.py", line 680, in app
    await route.handle(scope, receive, send)
  File "/Library/Frameworks/Python.framework/Versions/3.14/lib/python3.14/site-packages/starlette/routing.py", line 276, in handle
    await self.app(scope, receive, send)
  File "/Library/Frameworks/Python.framework/Versions/3.14/lib/python3.14/site-packages/fastapi/routing.py", line 134, in app
    await wrap_app_handling_exceptions(app, request)(scope, receive, send)
  File "/Library/Frameworks/Python.framework/Versions/3.14/lib/python3.14/site-packages/starlette/_exception_handler.py", line 53, in wrapped_app
    raise exc
  File "/Library/Frameworks/Python.framework/Versions/3.14/lib/python3.14/site-packages/starlette/_exception_handler.py", line 42, in wrapped_app
    await app(scope, receive, sender)
  File "/Library/Frameworks/Python.framework/Versions/3.14/lib/python3.14/site-packages/fastapi/routing.py", line 120, in app
    response = await f(request)
               ^^^^^^^^^^^^^^^^
  File "/Library/Frameworks/Python.framework/Versions/3.14/lib/python3.14/site-packages/fastapi/routing.py", line 674, in app
    raw_response = await run_endpoint_function(
                   ^^^^^^^^^^^^^^^^^^^^^^^^^^^^
    ...<3 lines>...
    )
    ^
  File "/Library/Frameworks/Python.framework/Versions/3.14/lib/python3.14/site-packages/fastapi/routing.py", line 328, in run_endpoint_function
    return await dependant.call(**values)
           ^^^^^^^^^^^^^^^^^^^^^^^^^^^^^^
  File "/Users/lap16792/Personal/omv-jdownloader-dashboard/backend/app/api/endpoints/media.py", line 182, in lookup_sources
    all_variants.extend(get_query_variants(t, year, season, episode))
                        ~~~~~~~~~~~~~~~~~~^^^^^^^^^^^^^^^^^^^^^^^^^^
  File "/Users/lap16792/Personal/omv-jdownloader-dashboard/backend/app/api/endpoints/media.py", line 118, in get_query_variants
    clean_title = re.sub(r'\(.*?\)', '', title).strip() # Bỏ phần trong ngoặc
                  ^^
NameError: name 're' is not defined. Did you forget to import 're'?
INFO:     127.0.0.1:61273 - "GET /api/lookup/sources?media_type=movie&title=one%20piece&provider=all HTTP/1.1" 500 Internal Server Error
ERROR:    Exception in ASGI application
Traceback (most recent call last):
  File "/Library/Frameworks/Python.framework/Versions/3.14/lib/python3.14/site-packages/uvicorn/protocols/http/h11_impl.py", line 415, in run_asgi
    result = await app(  # type: ignore[func-returns-value]
             ^^^^^^^^^^^^^^^^^^^^^^^^^^^^^^^^^^^^^^^^^^^^^^
        self.scope, self.receive, self.send
        ^^^^^^^^^^^^^^^^^^^^^^^^^^^^^^^^^^^
    )
    ^
  File "/Library/Frameworks/Python.framework/Versions/3.14/lib/python3.14/site-packages/uvicorn/middleware/proxy_headers.py", line 60, in __call__
    return await self.app(scope, receive, send)
           ^^^^^^^^^^^^^^^^^^^^^^^^^^^^^^^^^^^^
  File "/Library/Frameworks/Python.framework/Versions/3.14/lib/python3.14/site-packages/fastapi/applications.py", line 1163, in __call__
    await super().__call__(scope, receive, send)
  File "/Library/Frameworks/Python.framework/Versions/3.14/lib/python3.14/site-packages/starlette/applications.py", line 90, in __call__
    await self.middleware_stack(scope, receive, send)
  File "/Library/Frameworks/Python.framework/Versions/3.14/lib/python3.14/site-packages/starlette/middleware/errors.py", line 186, in __call__
    raise exc
  File "/Library/Frameworks/Python.framework/Versions/3.14/lib/python3.14/site-packages/starlette/middleware/errors.py", line 164, in __call__
    await self.app(scope, receive, _send)
  File "/Library/Frameworks/Python.framework/Versions/3.14/lib/python3.14/site-packages/starlette/middleware/cors.py", line 88, in __call__
    await self.app(scope, receive, send)
  File "/Library/Frameworks/Python.framework/Versions/3.14/lib/python3.14/site-packages/starlette/middleware/exceptions.py", line 63, in __call__
    await wrap_app_handling_exceptions(self.app, conn)(scope, receive, send)
  File "/Library/Frameworks/Python.framework/Versions/3.14/lib/python3.14/site-packages/starlette/_exception_handler.py", line 53, in wrapped_app
    raise exc
  File "/Library/Frameworks/Python.framework/Versions/3.14/lib/python3.14/site-packages/starlette/_exception_handler.py", line 42, in wrapped_app
    await app(scope, receive, sender)
  File "/Library/Frameworks/Python.framework/Versions/3.14/lib/python3.14/site-packages/fastapi/middleware/asyncexitstack.py", line 18, in __call__
    await self.app(scope, receive, send)
  File "/Library/Frameworks/Python.framework/Versions/3.14/lib/python3.14/site-packages/starlette/routing.py", line 660, in __call__
    await self.middleware_stack(scope, receive, send)
  File "/Library/Frameworks/Python.framework/Versions/3.14/lib/python3.14/site-packages/starlette/routing.py", line 680, in app
    await route.handle(scope, receive, send)
  File "/Library/Frameworks/Python.framework/Versions/3.14/lib/python3.14/site-packages/starlette/routing.py", line 276, in handle
    await self.app(scope, receive, send)
  File "/Library/Frameworks/Python.framework/Versions/3.14/lib/python3.14/site-packages/fastapi/routing.py", line 134, in app
    await wrap_app_handling_exceptions(app, request)(scope, receive, send)
  File "/Library/Frameworks/Python.framework/Versions/3.14/lib/python3.14/site-packages/starlette/_exception_handler.py", line 53, in wrapped_app
    raise exc
  File "/Library/Frameworks/Python.framework/Versions/3.14/lib/python3.14/site-packages/starlette/_exception_handler.py", line 42, in wrapped_app
    await app(scope, receive, sender)
  File "/Library/Frameworks/Python.framework/Versions/3.14/lib/python3.14/site-packages/fastapi/routing.py", line 120, in app
    response = await f(request)
               ^^^^^^^^^^^^^^^^
  File "/Library/Frameworks/Python.framework/Versions/3.14/lib/python3.14/site-packages/fastapi/routing.py", line 674, in app
    raw_response = await run_endpoint_function(
                   ^^^^^^^^^^^^^^^^^^^^^^^^^^^^
    ...<3 lines>...
    )
    ^
  File "/Library/Frameworks/Python.framework/Versions/3.14/lib/python3.14/site-packages/fastapi/routing.py", line 328, in run_endpoint_function
    return await dependant.call(**values)
           ^^^^^^^^^^^^^^^^^^^^^^^^^^^^^^
  File "/Users/lap16792/Personal/omv-jdownloader-dashboard/backend/app/api/endpoints/media.py", line 182, in lookup_sources
    all_variants.extend(get_query_variants(t, year, season, episode))
                        ~~~~~~~~~~~~~~~~~~^^^^^^^^^^^^^^^^^^^^^^^^^^
  File "/Users/lap16792/Personal/omv-jdownloader-dashboard/backend/app/api/endpoints/media.py", line 118, in get_query_variants
    clean_title = re.sub(r'\(.*?\)', '', title).strip() # Bỏ phần trong ngoặc
                  ^^
NameError: name 're' is not defined. Did you forget to import 're'?
INFO:     127.0.0.1:61288 - "GET /api/lookup/sources?media_type=tv&title=One%20Piece&tmdb_id=37854 HTTP/1.1" 500 Internal Server Error
ERROR:    Exception in ASGI application
Traceback (most recent call last):
  File "/Library/Frameworks/Python.framework/Versions/3.14/lib/python3.14/site-packages/uvicorn/protocols/http/h11_impl.py", line 415, in run_asgi
    result = await app(  # type: ignore[func-returns-value]
             ^^^^^^^^^^^^^^^^^^^^^^^^^^^^^^^^^^^^^^^^^^^^^^
        self.scope, self.receive, self.send
        ^^^^^^^^^^^^^^^^^^^^^^^^^^^^^^^^^^^
    )
    ^
  File "/Library/Frameworks/Python.framework/Versions/3.14/lib/python3.14/site-packages/uvicorn/middleware/proxy_headers.py", line 60, in __call__
    return await self.app(scope, receive, send)
           ^^^^^^^^^^^^^^^^^^^^^^^^^^^^^^^^^^^^
  File "/Library/Frameworks/Python.framework/Versions/3.14/lib/python3.14/site-packages/fastapi/applications.py", line 1163, in __call__
    await super().__call__(scope, receive, send)
  File "/Library/Frameworks/Python.framework/Versions/3.14/lib/python3.14/site-packages/starlette/applications.py", line 90, in __call__
    await self.middleware_stack(scope, receive, send)
  File "/Library/Frameworks/Python.framework/Versions/3.14/lib/python3.14/site-packages/starlette/middleware/errors.py", line 186, in __call__
    raise exc
  File "/Library/Frameworks/Python.framework/Versions/3.14/lib/python3.14/site-packages/starlette/middleware/errors.py", line 164, in __call__
    await self.app(scope, receive, _send)
  File "/Library/Frameworks/Python.framework/Versions/3.14/lib/python3.14/site-packages/starlette/middleware/cors.py", line 88, in __call__
    await self.app(scope, receive, send)
  File "/Library/Frameworks/Python.framework/Versions/3.14/lib/python3.14/site-packages/starlette/middleware/exceptions.py", line 63, in __call__
    await wrap_app_handling_exceptions(self.app, conn)(scope, receive, send)
  File "/Library/Frameworks/Python.framework/Versions/3.14/lib/python3.14/site-packages/starlette/_exception_handler.py", line 53, in wrapped_app
    raise exc
  File "/Library/Frameworks/Python.framework/Versions/3.14/lib/python3.14/site-packages/starlette/_exception_handler.py", line 42, in wrapped_app
    await app(scope, receive, sender)
  File "/Library/Frameworks/Python.framework/Versions/3.14/lib/python3.14/site-packages/fastapi/middleware/asyncexitstack.py", line 18, in __call__
    await self.app(scope, receive, send)
  File "/Library/Frameworks/Python.framework/Versions/3.14/lib/python3.14/site-packages/starlette/routing.py", line 660, in __call__
    await self.middleware_stack(scope, receive, send)
  File "/Library/Frameworks/Python.framework/Versions/3.14/lib/python3.14/site-packages/starlette/routing.py", line 680, in app
    await route.handle(scope, receive, send)
  File "/Library/Frameworks/Python.framework/Versions/3.14/lib/python3.14/site-packages/starlette/routing.py", line 276, in handle
    await self.app(scope, receive, send)
  File "/Library/Frameworks/Python.framework/Versions/3.14/lib/python3.14/site-packages/fastapi/routing.py", line 134, in app
    await wrap_app_handling_exceptions(app, request)(scope, receive, send)
  File "/Library/Frameworks/Python.framework/Versions/3.14/lib/python3.14/site-packages/starlette/_exception_handler.py", line 53, in wrapped_app
    raise exc
  File "/Library/Frameworks/Python.framework/Versions/3.14/lib/python3.14/site-packages/starlette/_exception_handler.py", line 42, in wrapped_app
    await app(scope, receive, sender)
  File "/Library/Frameworks/Python.framework/Versions/3.14/lib/python3.14/site-packages/fastapi/routing.py", line 120, in app
    response = await f(request)
               ^^^^^^^^^^^^^^^^
  File "/Library/Frameworks/Python.framework/Versions/3.14/lib/python3.14/site-packages/fastapi/routing.py", line 674, in app
    raw_response = await run_endpoint_function(
                   ^^^^^^^^^^^^^^^^^^^^^^^^^^^^
    ...<3 lines>...
    )
    ^
  File "/Library/Frameworks/Python.framework/Versions/3.14/lib/python3.14/site-packages/fastapi/routing.py", line 328, in run_endpoint_function
    return await dependant.call(**values)
           ^^^^^^^^^^^^^^^^^^^^^^^^^^^^^^
  File "/Users/lap16792/Personal/omv-jdownloader-dashboard/backend/app/api/endpoints/media.py", line 182, in lookup_sources
    all_variants.extend(get_query_variants(t, year, season, episode))
                        ~~~~~~~~~~~~~~~~~~^^^^^^^^^^^^^^^^^^^^^^^^^^
  File "/Users/lap16792/Personal/omv-jdownloader-dashboard/backend/app/api/endpoints/media.py", line 118, in get_query_variants
    clean_title = re.sub(r'\(.*?\)', '', title).strip() # Bỏ phần trong ngoặc
                  ^^
NameError: name 're' is not defined. Did you forget to import 're'?
WARNING:  StatReload detected changes in 'app/api/endpoints/media.py'. Reloading...
INFO:     Shutting down
INFO:     Waiting for application shutdown.
INFO:     Application shutdown complete.
INFO:     Finished server process [53413]
INFO:     Started server process [53808]
INFO:     Waiting for application startup.
INFO:     Application startup complete.
